This file contains any messages produced by compilers while
running configure, to aid debugging if configure makes a mistake.

It was created by become_daemon configure 1.0, which was
generated by GNU Autoconf 2.69.  Invocation command line was

  $ ./configure 

## --------- ##
## Platform. ##
## --------- ##

hostname = btwl-virtual-machine
uname -m = x86_64
uname -r = 6.2.0-37-generic
uname -s = Linux
uname -v = #38~22.04.1-Ubuntu SMP PREEMPT_DYNAMIC Thu Nov  2 18:01:13 UTC 2

/usr/bin/uname -p = x86_64
/bin/uname -X     = unknown

/bin/arch              = x86_64
/usr/bin/arch -k       = unknown
/usr/convex/getsysinfo = unknown
/usr/bin/hostinfo      = unknown
/bin/machine           = unknown
/usr/bin/oslevel       = unknown
/bin/universe          = unknown

PATH: /home/btwl/.opam/default/bin
PATH: /home/btwl/.vscode-server/bin/1a5daa3a0231a0fbba4f14db7ec463cf99d7768e/bin/remote-cli
PATH: /home/btwl/.opam/default/bin
PATH: /home/btwl/.opam/default/bin
PATH: /usr/local/sbin
PATH: /usr/local/bin
PATH: /usr/sbin
PATH: /usr/bin
PATH: /sbin
PATH: /bin
PATH: /usr/games
PATH: /usr/local/games
PATH: /snap/bin
PATH: /opt/riscv/bin
PATH: /home/btwl/.local/bin


## ----------- ##
## Core tests. ##
## ----------- ##

configure:2242: checking for a BSD-compatible install
configure:2310: result: /usr/bin/install -c
configure:2321: checking whether build environment is sane
configure:2376: result: yes
configure:2527: checking for a thread-safe mkdir -p
configure:2566: result: /usr/bin/mkdir -p
configure:2573: checking for gawk
configure:2589: found /usr/bin/gawk
configure:2600: result: gawk
configure:2611: checking whether make sets $(MAKE)
configure:2633: result: yes
configure:2662: checking whether make supports nested variables
configure:2679: result: yes
configure:2858: checking for gcc
configure:2874: found /usr/bin/gcc
configure:2885: result: gcc
configure:3114: checking for C compiler version
configure:3123: gcc --version >&5
gcc (Ubuntu 11.4.0-1ubuntu1~22.04) 11.4.0
Copyright (C) 2021 Free Software Foundation, Inc.
This is free software; see the source for copying conditions.  There is NO
warranty; not even for MERCHANTABILITY or FITNESS FOR A PARTICULAR PURPOSE.

configure:3134: $? = 0
configure:3123: gcc -v >&5
Using built-in specs.
COLLECT_GCC=gcc
COLLECT_LTO_WRAPPER=/usr/lib/gcc/x86_64-linux-gnu/11/lto-wrapper
OFFLOAD_TARGET_NAMES=nvptx-none:amdgcn-amdhsa
OFFLOAD_TARGET_DEFAULT=1
Target: x86_64-linux-gnu
Configured with: ../src/configure -v --with-pkgversion='Ubuntu 11.4.0-1ubuntu1~22.04' --with-bugurl=file:///usr/share/doc/gcc-11/README.Bugs --enable-languages=c,ada,c++,go,brig,d,fortran,objc,obj-c++,m2 --prefix=/usr --with-gcc-major-version-only --program-suffix=-11 --program-prefix=x86_64-linux-gnu- --enable-shared --enable-linker-build-id --libexecdir=/usr/lib --without-included-gettext --enable-threads=posix --libdir=/usr/lib --enable-nls --enable-bootstrap --enable-clocale=gnu --enable-libstdcxx-debug --enable-libstdcxx-time=yes --with-default-libstdcxx-abi=new --enable-gnu-unique-object --disable-vtable-verify --enable-plugin --enable-default-pie --with-system-zlib --enable-libphobos-checking=release --with-target-system-zlib=auto --enable-objc-gc=auto --enable-multiarch --disable-werror --enable-cet --with-arch-32=i686 --with-abi=m64 --with-multilib-list=m32,m64,mx32 --enable-multilib --with-tune=generic --enable-offload-targets=nvptx-none=/build/gcc-11-XeT9lY/gcc-11-11.4.0/debian/tmp-nvptx/usr,amdgcn-amdhsa=/build/gcc-11-XeT9lY/gcc-11-11.4.0/debian/tmp-gcn/usr --without-cuda-driver --enable-checking=release --build=x86_64-linux-gnu --host=x86_64-linux-gnu --target=x86_64-linux-gnu --with-build-config=bootstrap-lto-lean --enable-link-serialization=2
Thread model: posix
Supported LTO compression algorithms: zlib zstd
gcc version 11.4.0 (Ubuntu 11.4.0-1ubuntu1~22.04) 
... rest of stderr output deleted ...
configure:3134: $? = 0
configure:3123: gcc -V >&5
gcc: error: unrecognized command-line option '-V'
gcc: fatal error: no input files
compilation terminated.
configure:3134: $? = 1
configure:3123: gcc -qversion >&5
gcc: error: unrecognized command-line option '-qversion'; did you mean '--version'?
gcc: fatal error: no input files
compilation terminated.
configure:3134: $? = 1
configure:3154: checking whether the C compiler works
configure:3176: gcc    conftest.c  >&5
configure:3180: $? = 0
configure:3228: result: yes
configure:3231: checking for C compiler default output file name
configure:3233: result: a.out
configure:3239: checking for suffix of executables
configure:3246: gcc -o conftest    conftest.c  >&5
configure:3250: $? = 0
configure:3272: result: 
configure:3294: checking whether we are cross compiling
configure:3302: gcc -o conftest    conftest.c  >&5
configure:3306: $? = 0
configure:3313: ./conftest
configure:3317: $? = 0
configure:3332: result: no
configure:3337: checking for suffix of object files
configure:3359: gcc -c   conftest.c >&5
configure:3363: $? = 0
configure:3384: result: o
configure:3388: checking whether we are using the GNU C compiler
configure:3407: gcc -c   conftest.c >&5
configure:3407: $? = 0
configure:3416: result: yes
configure:3425: checking whether gcc accepts -g
configure:3445: gcc -c -g  conftest.c >&5
configure:3445: $? = 0
configure:3486: result: yes
configure:3503: checking for gcc option to accept ISO C89
configure:3566: gcc  -c -g -O2  conftest.c >&5
configure:3566: $? = 0
configure:3579: result: none needed
configure:3604: checking whether gcc understands -c and -o together
configure:3626: gcc -c conftest.c -o conftest2.o
configure:3629: $? = 0
configure:3626: gcc -c conftest.c -o conftest2.o
configure:3629: $? = 0
configure:3641: result: yes
configure:3661: checking whether make supports the include directive
configure:3676: make -f confmf.GNU && cat confinc.out
this is the am__doit target
configure:3679: $? = 0
configure:3698: result: yes (GNU style)
configure:3723: checking dependency style of gcc
configure:3834: result: gcc3
configure:3860: checking how to run the C preprocessor
configure:3891: gcc -E  conftest.c
configure:3891: $? = 0
configure:3905: gcc -E  conftest.c
conftest.c:11:10: fatal error: ac_nonexistent.h: No such file or directory
   11 | #include <ac_nonexistent.h>
      |          ^~~~~~~~~~~~~~~~~~
compilation terminated.
configure:3905: $? = 1
configure: failed program was:
| /* confdefs.h */
| #define PACKAGE_NAME "become_daemon"
| #define PACKAGE_TARNAME "become_daemon"
| #define PACKAGE_VERSION "1.0"
| #define PACKAGE_STRING "become_daemon 1.0"
| #define PACKAGE_BUGREPORT "lloyd@lloydrochester.com"
| #define PACKAGE_URL ""
| #define PACKAGE "become_daemon"
| #define VERSION "1.0"
| /* end confdefs.h.  */
| #include <ac_nonexistent.h>
configure:3930: result: gcc -E
configure:3950: gcc -E  conftest.c
configure:3950: $? = 0
configure:3964: gcc -E  conftest.c
conftest.c:11:10: fatal error: ac_nonexistent.h: No such file or directory
   11 | #include <ac_nonexistent.h>
      |          ^~~~~~~~~~~~~~~~~~
compilation terminated.
configure:3964: $? = 1
configure: failed program was:
| /* confdefs.h */
| #define PACKAGE_NAME "become_daemon"
| #define PACKAGE_TARNAME "become_daemon"
| #define PACKAGE_VERSION "1.0"
| #define PACKAGE_STRING "become_daemon 1.0"
| #define PACKAGE_BUGREPORT "lloyd@lloydrochester.com"
| #define PACKAGE_URL ""
| #define PACKAGE "become_daemon"
| #define VERSION "1.0"
| /* end confdefs.h.  */
| #include <ac_nonexistent.h>
configure:3993: checking for grep that handles long lines and -e
configure:4051: result: /usr/bin/grep
configure:4056: checking for egrep
configure:4118: result: /usr/bin/grep -E
configure:4123: checking for ANSI C header files
configure:4143: gcc -c -g -O2  conftest.c >&5
configure:4143: $? = 0
configure:4216: gcc -o conftest -g -O2   conftest.c  >&5
configure:4216: $? = 0
configure:4216: ./conftest
configure:4216: $? = 0
configure:4227: result: yes
configure:4240: checking for sys/types.h
configure:4240: gcc -c -g -O2  conftest.c >&5
configure:4240: $? = 0
configure:4240: result: yes
configure:4240: checking for sys/stat.h
configure:4240: gcc -c -g -O2  conftest.c >&5
configure:4240: $? = 0
configure:4240: result: yes
configure:4240: checking for stdlib.h
configure:4240: gcc -c -g -O2  conftest.c >&5
configure:4240: $? = 0
configure:4240: result: yes
configure:4240: checking for string.h
configure:4240: gcc -c -g -O2  conftest.c >&5
configure:4240: $? = 0
configure:4240: result: yes
configure:4240: checking for memory.h
configure:4240: gcc -c -g -O2  conftest.c >&5
configure:4240: $? = 0
configure:4240: result: yes
configure:4240: checking for strings.h
configure:4240: gcc -c -g -O2  conftest.c >&5
configure:4240: $? = 0
configure:4240: result: yes
configure:4240: checking for inttypes.h
configure:4240: gcc -c -g -O2  conftest.c >&5
configure:4240: $? = 0
configure:4240: result: yes
configure:4240: checking for stdint.h
configure:4240: gcc -c -g -O2  conftest.c >&5
configure:4240: $? = 0
configure:4240: result: yes
configure:4240: checking for unistd.h
configure:4240: gcc -c -g -O2  conftest.c >&5
configure:4240: $? = 0
configure:4240: result: yes
configure:4255: checking fcntl.h usability
configure:4255: gcc -c -g -O2  conftest.c >&5
configure:4255: $? = 0
configure:4255: result: yes
configure:4255: checking fcntl.h presence
configure:4255: gcc -E  conftest.c
configure:4255: $? = 0
configure:4255: result: yes
configure:4255: checking for fcntl.h
configure:4255: result: yes
configure:4255: checking for stdlib.h
configure:4255: result: yes
configure:4255: checking syslog.h usability
configure:4255: gcc -c -g -O2  conftest.c >&5
configure:4255: $? = 0
configure:4255: result: yes
configure:4255: checking syslog.h presence
configure:4255: gcc -E  conftest.c
configure:4255: $? = 0
configure:4255: result: yes
configure:4255: checking for syslog.h
configure:4255: result: yes
configure:4255: checking for unistd.h
configure:4255: result: yes
configure:4269: checking for pid_t
configure:4269: gcc -c -g -O2  conftest.c >&5
configure:4269: $? = 0
configure:4269: gcc -c -g -O2  conftest.c >&5
conftest.c: In function 'main':
conftest.c:61:20: error: expected expression before ')' token
   61 | if (sizeof ((pid_t)))
      |                    ^
configure:4269: $? = 1
configure: failed program was:
| /* confdefs.h */
| #define PACKAGE_NAME "become_daemon"
| #define PACKAGE_TARNAME "become_daemon"
| #define PACKAGE_VERSION "1.0"
| #define PACKAGE_STRING "become_daemon 1.0"
| #define PACKAGE_BUGREPORT "lloyd@lloydrochester.com"
| #define PACKAGE_URL ""
| #define PACKAGE "become_daemon"
| #define VERSION "1.0"
| #define STDC_HEADERS 1
| #define HAVE_SYS_TYPES_H 1
| #define HAVE_SYS_STAT_H 1
| #define HAVE_STDLIB_H 1
| #define HAVE_STRING_H 1
| #define HAVE_MEMORY_H 1
| #define HAVE_STRINGS_H 1
| #define HAVE_INTTYPES_H 1
| #define HAVE_STDINT_H 1
| #define HAVE_UNISTD_H 1
| #define HAVE_FCNTL_H 1
| #define HAVE_STDLIB_H 1
| #define HAVE_SYSLOG_H 1
| #define HAVE_UNISTD_H 1
| /* end confdefs.h.  */
| #include <stdio.h>
| #ifdef HAVE_SYS_TYPES_H
| # include <sys/types.h>
| #endif
| #ifdef HAVE_SYS_STAT_H
| # include <sys/stat.h>
| #endif
| #ifdef STDC_HEADERS
| # include <stdlib.h>
| # include <stddef.h>
| #else
| # ifdef HAVE_STDLIB_H
| #  include <stdlib.h>
| # endif
| #endif
| #ifdef HAVE_STRING_H
| # if !defined STDC_HEADERS && defined HAVE_MEMORY_H
| #  include <memory.h>
| # endif
| # include <string.h>
| #endif
| #ifdef HAVE_STRINGS_H
| # include <strings.h>
| #endif
| #ifdef HAVE_INTTYPES_H
| # include <inttypes.h>
| #endif
| #ifdef HAVE_STDINT_H
| # include <stdint.h>
| #endif
| #ifdef HAVE_UNISTD_H
| # include <unistd.h>
| #endif
| int
| main ()
| {
| if (sizeof ((pid_t)))
| 	    return 0;
|   ;
|   return 0;
| }
configure:4269: result: yes
configure:4282: checking vfork.h usability
configure:4282: gcc -c -g -O2  conftest.c >&5
conftest.c:58:10: fatal error: vfork.h: No such file or directory
   58 | #include <vfork.h>
      |          ^~~~~~~~~
compilation terminated.
configure:4282: $? = 1
configure: failed program was:
| /* confdefs.h */
| #define PACKAGE_NAME "become_daemon"
| #define PACKAGE_TARNAME "become_daemon"
| #define PACKAGE_VERSION "1.0"
| #define PACKAGE_STRING "become_daemon 1.0"
| #define PACKAGE_BUGREPORT "lloyd@lloydrochester.com"
| #define PACKAGE_URL ""
| #define PACKAGE "become_daemon"
| #define VERSION "1.0"
| #define STDC_HEADERS 1
| #define HAVE_SYS_TYPES_H 1
| #define HAVE_SYS_STAT_H 1
| #define HAVE_STDLIB_H 1
| #define HAVE_STRING_H 1
| #define HAVE_MEMORY_H 1
| #define HAVE_STRINGS_H 1
| #define HAVE_INTTYPES_H 1
| #define HAVE_STDINT_H 1
| #define HAVE_UNISTD_H 1
| #define HAVE_FCNTL_H 1
| #define HAVE_STDLIB_H 1
| #define HAVE_SYSLOG_H 1
| #define HAVE_UNISTD_H 1
| /* end confdefs.h.  */
| #include <stdio.h>
| #ifdef HAVE_SYS_TYPES_H
| # include <sys/types.h>
| #endif
| #ifdef HAVE_SYS_STAT_H
| # include <sys/stat.h>
| #endif
| #ifdef STDC_HEADERS
| # include <stdlib.h>
| # include <stddef.h>
| #else
| # ifdef HAVE_STDLIB_H
| #  include <stdlib.h>
| # endif
| #endif
| #ifdef HAVE_STRING_H
| # if !defined STDC_HEADERS && defined HAVE_MEMORY_H
| #  include <memory.h>
| # endif
| # include <string.h>
| #endif
| #ifdef HAVE_STRINGS_H
| # include <strings.h>
| #endif
| #ifdef HAVE_INTTYPES_H
| # include <inttypes.h>
| #endif
| #ifdef HAVE_STDINT_H
| # include <stdint.h>
| #endif
| #ifdef HAVE_UNISTD_H
| # include <unistd.h>
| #endif
| #include <vfork.h>
configure:4282: result: no
configure:4282: checking vfork.h presence
configure:4282: gcc -E  conftest.c
conftest.c:25:10: fatal error: vfork.h: No such file or directory
   25 | #include <vfork.h>
      |          ^~~~~~~~~
compilation terminated.
configure:4282: $? = 1
configure: failed program was:
| /* confdefs.h */
| #define PACKAGE_NAME "become_daemon"
| #define PACKAGE_TARNAME "become_daemon"
| #define PACKAGE_VERSION "1.0"
| #define PACKAGE_STRING "become_daemon 1.0"
| #define PACKAGE_BUGREPORT "lloyd@lloydrochester.com"
| #define PACKAGE_URL ""
| #define PACKAGE "become_daemon"
| #define VERSION "1.0"
| #define STDC_HEADERS 1
| #define HAVE_SYS_TYPES_H 1
| #define HAVE_SYS_STAT_H 1
| #define HAVE_STDLIB_H 1
| #define HAVE_STRING_H 1
| #define HAVE_MEMORY_H 1
| #define HAVE_STRINGS_H 1
| #define HAVE_INTTYPES_H 1
| #define HAVE_STDINT_H 1
| #define HAVE_UNISTD_H 1
| #define HAVE_FCNTL_H 1
| #define HAVE_STDLIB_H 1
| #define HAVE_SYSLOG_H 1
| #define HAVE_UNISTD_H 1
| /* end confdefs.h.  */
| #include <vfork.h>
configure:4282: result: no
configure:4282: checking for vfork.h
configure:4282: result: no
configure:4295: checking for fork
configure:4295: gcc -o conftest -g -O2   conftest.c  >&5
conftest.c:48:6: warning: conflicting types for built-in function 'fork'; expected 'int(void)' [-Wbuiltin-declaration-mismatch]
   48 | char fork ();
      |      ^~~~
configure:4295: $? = 0
configure:4295: result: yes
configure:4295: checking for vfork
configure:4295: gcc -o conftest -g -O2   conftest.c  >&5
configure:4295: $? = 0
configure:4295: result: yes
configure:4305: checking for working fork
configure:4327: gcc -o conftest -g -O2   conftest.c  >&5
configure:4327: $? = 0
configure:4327: ./conftest
configure:4327: $? = 0
configure:4337: result: yes
configure:4358: checking for working vfork
configure:4468: result: yes
configure:4495: checking for dup2
configure:4495: gcc -o conftest -g -O2   conftest.c  >&5
configure:4495: $? = 0
configure:4495: result: yes
configure:4608: checking that generated files are newer than configure
configure:4614: result: done
configure:4637: creating ./config.status

## ---------------------- ##
## Running config.status. ##
## ---------------------- ##

This file was extended by become_daemon config.status 1.0, which was
generated by GNU Autoconf 2.69.  Invocation command line was

  CONFIG_FILES    = 
  CONFIG_HEADERS  = 
  CONFIG_LINKS    = 
  CONFIG_COMMANDS = 
  $ ./config.status 

on btwl-virtual-machine

config.status:862: creating Makefile
config.status:862: creating src/Makefile
config.status:862: creating config.h
config.status:1091: executing depfiles commands
config.status:1168: cd src       && sed -e '/# am--include-marker/d' Makefile         | make -f - am--depfiles
config.status:1173: $? = 0

## ---------------- ##
## Cache variables. ##
## ---------------- ##

ac_cv_c_compiler_gnu=yes
ac_cv_env_CC_set=
ac_cv_env_CC_value=
ac_cv_env_CFLAGS_set=
ac_cv_env_CFLAGS_value=
ac_cv_env_CPPFLAGS_set=
ac_cv_env_CPPFLAGS_value=
ac_cv_env_CPP_set=
ac_cv_env_CPP_value=
ac_cv_env_LDFLAGS_set=
ac_cv_env_LDFLAGS_value=
ac_cv_env_LIBS_set=
ac_cv_env_LIBS_value=
ac_cv_env_build_alias_set=
ac_cv_env_build_alias_value=
ac_cv_env_host_alias_set=
ac_cv_env_host_alias_value=
ac_cv_env_target_alias_set=
ac_cv_env_target_alias_value=
ac_cv_func_dup2=yes
ac_cv_func_fork=yes
ac_cv_func_fork_works=yes
ac_cv_func_vfork=yes
ac_cv_func_vfork_works=yes
ac_cv_header_fcntl_h=yes
ac_cv_header_inttypes_h=yes
ac_cv_header_memory_h=yes
ac_cv_header_stdc=yes
ac_cv_header_stdint_h=yes
ac_cv_header_stdlib_h=yes
ac_cv_header_string_h=yes
ac_cv_header_strings_h=yes
ac_cv_header_sys_stat_h=yes
ac_cv_header_sys_types_h=yes
ac_cv_header_syslog_h=yes
ac_cv_header_unistd_h=yes
ac_cv_header_vfork_h=no
ac_cv_objext=o
ac_cv_path_EGREP='/usr/bin/grep -E'
ac_cv_path_GREP=/usr/bin/grep
ac_cv_path_install='/usr/bin/install -c'
ac_cv_path_mkdir=/usr/bin/mkdir
ac_cv_prog_AWK=gawk
ac_cv_prog_CPP='gcc -E'
ac_cv_prog_ac_ct_CC=gcc
ac_cv_prog_cc_c89=
ac_cv_prog_cc_g=yes
ac_cv_prog_make_make_set=yes
ac_cv_type_pid_t=yes
am_cv_CC_dependencies_compiler_type=gcc3
am_cv_make_support_nested_variables=yes
am_cv_prog_cc_c_o=yes

## ----------------- ##
## Output variables. ##
## ----------------- ##

ACLOCAL='${SHELL} /home/btwl/code/OS_study/daemon_process/become_daemon-1.0/missing aclocal-1.16'
AMDEPBACKSLASH='\'
AMDEP_FALSE='#'
AMDEP_TRUE=''
AMTAR='$${TAR-tar}'
AM_BACKSLASH='\'
AM_DEFAULT_V='$(AM_DEFAULT_VERBOSITY)'
AM_DEFAULT_VERBOSITY='1'
AM_V='$(V)'
AUTOCONF='${SHELL} /home/btwl/code/OS_study/daemon_process/become_daemon-1.0/missing autoconf'
AUTOHEADER='${SHELL} /home/btwl/code/OS_study/daemon_process/become_daemon-1.0/missing autoheader'
AUTOMAKE='${SHELL} /home/btwl/code/OS_study/daemon_process/become_daemon-1.0/missing automake-1.16'
AWK='gawk'
CC='gcc'
CCDEPMODE='depmode=gcc3'
CFLAGS='-g -O2'
CPP='gcc -E'
CPPFLAGS=''
CYGPATH_W='echo'
DEFS='-DHAVE_CONFIG_H'
DEPDIR='.deps'
ECHO_C=''
ECHO_N='-n'
ECHO_T=''
EGREP='/usr/bin/grep -E'
EXEEXT=''
GREP='/usr/bin/grep'
INSTALL_DATA='${INSTALL} -m 644'
INSTALL_PROGRAM='${INSTALL}'
INSTALL_SCRIPT='${INSTALL}'
INSTALL_STRIP_PROGRAM='$(install_sh) -c -s'
LDFLAGS=''
LIBOBJS=''
LIBS=''
LTLIBOBJS=''
MAKEINFO='${SHELL} /home/btwl/code/OS_study/daemon_process/become_daemon-1.0/missing makeinfo'
MKDIR_P='/usr/bin/mkdir -p'
OBJEXT='o'
PACKAGE='become_daemon'
PACKAGE_BUGREPORT='lloyd@lloydrochester.com'
PACKAGE_NAME='become_daemon'
PACKAGE_STRING='become_daemon 1.0'
PACKAGE_TARNAME='become_daemon'
PACKAGE_URL=''
PACKAGE_VERSION='1.0'
PATH_SEPARATOR=':'
SET_MAKE=''
SHELL='/bin/bash'
STRIP=''
VERSION='1.0'
ac_ct_CC='gcc'
am__EXEEXT_FALSE=''
am__EXEEXT_TRUE='#'
am__fastdepCC_FALSE='#'
am__fastdepCC_TRUE=''
am__include='include'
am__isrc=''
am__leading_dot='.'
am__nodep='_no'
am__quote=''
am__tar='$${TAR-tar} chof - "$$tardir"'
am__untar='$${TAR-tar} xf -'
bindir='${exec_prefix}/bin'
build_alias=''
datadir='${datarootdir}'
datarootdir='${prefix}/share'
docdir='${datarootdir}/doc/${PACKAGE_TARNAME}'
dvidir='${docdir}'
exec_prefix='${prefix}'
host_alias=''
htmldir='${docdir}'
includedir='${prefix}/include'
infodir='${datarootdir}/info'
install_sh='${SHELL} /home/btwl/code/OS_study/daemon_process/become_daemon-1.0/install-sh'
libdir='${exec_prefix}/lib'
libexecdir='${exec_prefix}/libexec'
localedir='${datarootdir}/locale'
localstatedir='${prefix}/var'
mandir='${datarootdir}/man'
mkdir_p='$(MKDIR_P)'
oldincludedir='/usr/include'
pdfdir='${docdir}'
prefix='/usr/local'
program_transform_name='s,x,x,'
psdir='${docdir}'
sbindir='${exec_prefix}/sbin'
sharedstatedir='${prefix}/com'
sysconfdir='${prefix}/etc'
target_alias=''

## ----------- ##
## confdefs.h. ##
## ----------- ##

/* confdefs.h */
#define PACKAGE_NAME "become_daemon"
#define PACKAGE_TARNAME "become_daemon"
#define PACKAGE_VERSION "1.0"
#define PACKAGE_STRING "become_daemon 1.0"
#define PACKAGE_BUGREPORT "lloyd@lloydrochester.com"
#define PACKAGE_URL ""
#define PACKAGE "become_daemon"
#define VERSION "1.0"
#define STDC_HEADERS 1
#define HAVE_SYS_TYPES_H 1
#define HAVE_SYS_STAT_H 1
#define HAVE_STDLIB_H 1
#define HAVE_STRING_H 1
#define HAVE_MEMORY_H 1
#define HAVE_STRINGS_H 1
#define HAVE_INTTYPES_H 1
#define HAVE_STDINT_H 1
#define HAVE_UNISTD_H 1
#define HAVE_FCNTL_H 1
#define HAVE_STDLIB_H 1
#define HAVE_SYSLOG_H 1
#define HAVE_UNISTD_H 1
#define HAVE_FORK 1
#define HAVE_VFORK 1
#define HAVE_WORKING_VFORK 1
#define HAVE_WORKING_FORK 1
#define HAVE_DUP2 1

configure: exit 0
